build/app/outputs/mapping/release/seeds.txt
com.mycompany.motospremium.MainActivity
com.mycompany.motospremium.MainActivity: MainActivity()
...
io.flutter.plugin.editing.ImeSyncDeferringInsetsCallback$AnimationCallback: android.view.WindowInsets onProgress(android.view.WindowInsets,java.util.List)
androidx.webkit.internal.ApiHelperForM: android.webkit.WebMessage createWebMessage(androidx.webkit.WebMessageCompat)
io.flutter.embedding.engine.FlutterJNI: void onSurfaceChanged(int,int)
io.flutter.embedding.engine.FlutterJNI: boolean isCodePointEmoji(int)
androidx.core.view.ViewCompat$Api21Impl: void setTranslationZ(android.view.View,float)
androidx.core.view.WindowInsetsCompat$Impl20: void copyRootViewBounds(android.view.View)
io.flutter.plugins.webviewflutter.GeneratedAndroidWebView$FileChooserMode: io.flutter.plugins.webviewflutter.GeneratedAndroidWebView$FileChooserMode[] values()
org.chromium.support_lib_boundary.WebSettingsBoundaryInterface: java.util.Set getRequestedWithHeaderOriginAllowList()
androidx.core.app.RemoteActionCompatParcelizer: RemoteActionCompatParcelizer()
io.flutter.embedding.engine.FlutterJNI: void nativeSurfaceDestroyed(long)
org.chromium.support_lib_boundary.FeatureFlagHolderBoundaryInterface: java.lang.String[] getSupportedFeatures()
androidx.lifecycle.EmptyActivityLifecycleCallbacks: void onActivityPaused(android.app.Activity)
androidx.core.view.WindowInsetsCompat$Impl21: androidx.core.view.WindowInsetsCompat consumeStableInsets()
org.chromium.support_lib_boundary.WebViewProviderBoundaryInterface: void removeWebMessageListener(java.lang.String)
androidx.core.graphics.drawable.IconCompat$Api26Impl: android.graphics.drawable.Icon createWithAdaptiveBitmap(android.graphics.Bitmap)
androidx.core.view.ViewCompat$Api21Impl: void setZ(android.view.View,float)
androidx.core.graphics.drawable.IconCompatParcelizer: void write(androidx.core.graphics.drawable.IconCompat,androidx.versionedparcelable.VersionedParcel)
kotlinx.coroutines.android.AndroidExceptionPreHandler: AndroidExceptionPreHandler()
androidx.webkit.internal.ApiHelperForM: void setWebMessageCallback(android.webkit.WebMessagePort,androidx.webkit.WebMessagePortCompat$WebMessageCallbackCompat)
org.chromium.support_lib_boundary.DropDataContentProviderBoundaryInterface: java.lang.String[] getStreamTypes(android.net.Uri,java.lang.String)
io.flutter.embedding.engine.FlutterJNI: void updateDisplayMetrics(int,float,float,float)
org.chromium.support_lib_boundary.WebMessagePortBoundaryInterface: void postMessage(java.lang.reflect.InvocationHandler)
androidx.lifecycle.ReportFragment$LifecycleCallbacks: void onActivityDestroyed(android.app.Activity)
androidx.core.view.WindowInsetsCompat$Impl20: void setOverriddenInsets(androidx.core.graphics.Insets[])
androidx.core.view.ViewCompat$Api23Impl: void setScrollIndicators(android.view.View,int)
io.flutter.embedding.engine.FlutterJNI: void nativeSetAccessibilityFeatures(long,int)
org.chromium.support_lib_boundary.WebSettingsBoundaryInterface: int getWebauthnSupport()
androidx.profileinstaller.FileSectionType: androidx.profileinstaller.FileSectionType valueOf(java.lang.String)
androidx.webkit.internal.ApiHelperForM: void setWebMessageCallback(android.webkit.WebMessagePort,androidx.webkit.WebMessagePortCompat$WebMessageCallbackCompat,android.os.Handler)
org.chromium.support_lib_boundary.WebViewProviderFactoryBoundaryInterface: java.lang.reflect.InvocationHandler getProxyController()
io.flutter.plugins.urllauncher.UrlLauncherPlugin: UrlLauncherPlugin()
io.flutter.embedding.engine.FlutterJNI: boolean nativeFlutterTextUtilsIsEmojiModifierBase(int)
androidx.datastore.preferences.protobuf.Writer$FieldOrder: androidx.datastore.preferences.protobuf.Writer$FieldOrder[] values()
io.flutter.embedding.engine.systemchannels.PlatformChannel$HapticFeedbackType: io.flutter.embedding.engine.systemchannels.PlatformChannel$HapticFeedbackType[] values()
io.flutter.embedding.engine.renderer.FlutterRenderer$ImageTextureRegistryEntry: void waitOnFence(android.media.Image)
androidx.core.view.WindowInsetsCompat$BuilderImpl20: WindowInsetsCompat$BuilderImpl20()