build/app/outputs/mapping/release/mapping.txt
# compiler: R8
# compiler_version: 8.1.56
# min_api: 23
# common_typos_disable
# {"id":"com.android.tools.r8.mapping","version":"2.2"}
# pg_map_id: 4acefed
# pg_map_hash: SHA-256 4acefed63c9a79d94a81ee0cc65d7ddf2aa41f666ff91f8136a5d5bc41c0d5a7
...
io.flutter.plugin.editing.TextInputPlugin$$ExternalSyntheticApiModelOutline3 -> io.flutter.plugin.editing.w:
# {"id":"sourceFile","fileName":"R8$$SyntheticClass"}
# {"id":"com.android.tools.r8.synthesized"}
    1:1:void io.flutter.plugin.editing.TextInputPlugin$$InternalSyntheticApiModelOutline$1$0183889cb4ba90cda743c7f55b11a07b8e0796a0d48383d5abd70a422a49412b$3.m(android.view.ViewStructure,int):0:0 -> a
      # {"id":"com.android.tools.r8.synthesized"}
io.flutter.plugin.editing.TextInputPlugin$$ExternalSyntheticApiModelOutline4 -> io.flutter.plugin.editing.x:
# {"id":"sourceFile","fileName":"R8$$SyntheticClass"}
# {"id":"com.android.tools.r8.synthesized"}
    1:1:android.view.autofill.AutofillValue io.flutter.plugin.editing.TextInputPlugin$$InternalSyntheticApiModelOutline$1$0183889cb4ba90cda743c7f55b11a07b8e0796a0d48383d5abd70a422a49412b$4.m(java.lang.CharSequence):0:0 -> a
      # {"id":"com.android.tools.r8.synthesized"}
io.flutter.plugin.editing.TextInputPlugin$$ExternalSyntheticApiModelOutline5 -> io.flutter.plugin.editing.y:
# {"id":"sourceFile","fileName":"R8$$SyntheticClass"}
# {"id":"com.android.tools.r8.synthesized"}
    1:1:void io.flutter.plugin.editing.TextInputPlugin$$InternalSyntheticApiModelOutline$1$0183889cb4ba90cda743c7f55b11a07b8e0796a0d48383d5abd70a422a49412b$5.m(android.view.ViewStructure,android.view.autofill.AutofillValue):0:0 -> a
      # {"id":"com.android.tools.r8.synthesized"}
io.flutter.plugin.editing.TextInputPlugin$$ExternalSyntheticApiModelOutline6 -> io.flutter.plugin.editing.z:
# {"id":"sourceFile","fileName":"R8$$SyntheticClass"}
# {"id":"com.android.tools.r8.synthesized"}
    1:1:void io.flutter.plugin.editing.TextInputPlugin$$InternalSyntheticApiModelOutline$1$04208460e651786f72e333e91f0aa7676853e5f852a815d1a35bfb1aa660fbc3$0.m(android.view.autofill.AutofillManager,android.view.View,int):0:0 -> a
      # {"id":"com.android.tools.r8.synthesized"}
io.flutter.plugin.editing.TextInputPlugin$$ExternalSyntheticApiModelOutline7 -> io.flutter.plugin.editing.a0:
# {"id":"sourceFile","fileName":"R8$$SyntheticClass"}
# {"id":"com.android.tools.r8.synthesized"}
    1:1:java.lang.Class io.flutter.plugin.editing.TextInputPlugin$$InternalSyntheticApiModelOutline$1$5a2148ec32b344cd3d3fdaf17d3e08695b023a81eb15238f7dd60b7857b83fa0$0.m():0:0 -> a
      # {"id":"com.android.tools.r8.synthesized"}
io.flutter.plugin.editing.TextInputPlugin$$ExternalSyntheticApiModelOutline8 -> io.flutter.plugin.editing.b0:
# {"id":"sourceFile","fileName":"R8$$SyntheticClass"}
# {"id":"com.android.tools.r8.synthesized"}
    1:1:android.view.autofill.AutofillManager io.flutter.plugin.editing.TextInputPlugin$$InternalSyntheticApiModelOutline$1$5a2148ec32b344cd3d3fdaf17d3e08695b023a81eb15238f7dd60b7857b83fa0$1.m(java.lang.Object):0:0 -> a
      # {"id":"com.android.tools.r8.synthesized"}
io.flutter.plugin.editing.TextInputPlugin$$ExternalSyntheticApiModelOutline9 -> io.flutter.plugin.editing.c0:
# {"id":"sourceFile","fileName":"R8$$SyntheticClass"}
# {"id":"com.android.tools.r8.synthesized"}
    1:1:android.view.autofill.AutofillValue io.flutter.plugin.editing.TextInputPlugin$$InternalSyntheticApiModelOutline$1$8693f9705179b32774124c2325baf330fb0498fcc7507e40655d130c4bd5824f$0.m(java.lang.Object):0:0 -> a
      # {"id":"com.android.tools.r8.synthesized"}